0 1265.487061 1263.708862 1264.345947 
1 1263.367798 1263.335327 1264.090332 
2 1262.330688 1263.447144 1264.078979 
3 1261.876343 1263.157715 1263.946045 
4 1261.643677 1263.649292 1264.483765 
5 1261.377441 1263.535889 1264.358276 
6 1261.231079 1263.465576 1264.296875 
7 1260.994995 1263.184570 1263.925171 
8 1261.008667 1263.710815 1264.429932 
9 1260.821899 1263.394287 1264.099609 
10 1260.807495 1263.205078 1263.998291 
11 1260.442139 1263.276001 1263.903809 
12 1260.444092 1263.031006 1263.793213 
13 1260.271973 1263.146484 1263.870850 
14 1260.252930 1264.451660 1265.264771 
0 1265.724854 1264.653931 1264.427490 
1 1263.403198 1264.281372 1264.191895 
2 1262.631226 1264.275391 1264.229736 
3 1261.967041 1264.758057 1264.583740 
4 1261.753418 1264.433228 1264.362915 
5 1261.472656 1264.656128 1264.646118 
6 1261.454224 1264.617310 1264.556763 
7 1261.122803 1264.638428 1264.653931 
8 1261.123047 1264.570068 1264.503052 
9 1260.994263 1264.491943 1264.538940 
10 1261.007812 1264.271973 1264.275635 
11 1260.781250 1264.704468 1264.671753 
12 1260.740112 1264.435303 1264.491821 
13 1260.690918 1264.751831 1264.780518 
14 1260.729004 1264.260620 1264.255615 
15 1260.408936 1265.276978 1265.191162 
16 1260.279663 1265.750854 1265.658691 
17 1260.236572 1264.017334 1264.082764 
18 1260.099731 1264.195068 1264.185181 
19 1259.925903 1263.999146 1263.922729 
20 1260.133423 1264.249390 1264.353882 
21 1259.882812 1264.359009 1264.326416 
22 1259.779541 1263.486816 1263.483154 
23 1259.734253 1263.517944 1263.567871 
24 1259.632812 1263.662842 1263.579224 
25 1259.462769 1264.526123 1264.353149 
26 1259.455322 1263.664795 1263.634888 
27 1259.141846 1263.199585 1263.235840 
28 1259.390625 1262.833618 1262.852295 
29 1259.104004 1263.771729 1263.769409 
30 1259.058472 1264.161133 1264.347656 
31 1258.975098 1262.887207 1262.878052 
32 1259.125854 1264.047363 1264.172729 
33 1259.034790 1264.247925 1264.302490 
34 1258.772095 1263.346069 1263.327515 
35 1258.976807 1262.864014 1262.830078 
36 1258.581787 1262.743042 1262.770874 
37 1258.488525 1263.033447 1263.177124 
38 1258.413208 1262.532837 1262.520630 
39 1258.244507 1262.794922 1262.943359 
40 1258.264404 1262.302734 1262.331299 
41 1258.321045 1262.686035 1262.671143 
42 1258.512695 1262.819702 1262.936279 
43 1258.339722 1262.261475 1262.251587 
44 1258.084717 1262.803833 1262.802734 
45 1259.158691 1264.797363 1264.842896 
0 1263.195679 1260.641968 1261.227295 
1 1260.580322 1260.328979 1260.975830 
0 1263.099487 1261.890869 1261.699707 
0 1262.616455 1260.510620 1260.790161 
1 1260.147095 1261.677368 1261.999146 
2 1259.257446 1260.669678 1261.109619 
3 1258.716675 1260.819214 1261.040649 
4 1258.422485 1261.117188 1261.531372 
5 1258.169800 1260.718994 1260.959717 
6 1257.988892 1261.551270 1261.796387 
7 1257.764282 1261.983521 1262.307495 
8 1257.753418 1260.526733 1260.885864 
9 1257.602905 1261.477905 1261.741821 
10 1257.496826 1260.876099 1261.162964 
11 1257.345337 1261.171021 1261.451904 
12 1257.264648 1260.974365 1261.340698 
13 1257.195679 1260.735474 1261.062378 
14 1257.162476 1260.729858 1260.973877 
15 1257.036499 1260.998779 1261.322510 
16 1257.161987 1260.882935 1261.227539 
17 1256.957886 1260.404175 1260.748169 
18 1256.795776 1260.916870 1261.396606 
19 1256.823730 1260.617920 1260.926514 
20 1256.696289 1260.374268 1260.630371 
21 1256.732910 1261.996094 1262.281372 
22 1256.617310 1260.564087 1260.785400 
23 1256.628662 1260.368652 1260.715576 
24 1256.524902 1260.923218 1261.331177 
25 1256.443481 1260.797363 1261.120850 
26 1256.343506 1261.094360 1261.494385 
27 1256.404663 1259.932373 1260.315308 
28 1256.143799 1261.200684 1261.488647 
29 1256.332153 1260.186279 1260.597046 
30 1256.954956 1261.043457 1261.351196 
31 1256.596436 1259.839233 1260.170044 
32 1256.050537 1259.795654 1260.109375 
33 1255.857178 1260.064331 1260.563599 
34 1255.655396 1259.617432 1259.958496 
35 1255.569702 1260.095093 1260.434082 
36 1255.566772 1259.405518 1259.806885 
37 1255.528442 1259.421021 1259.908325 
38 1255.538940 1259.612183 1259.979736 
39 1255.512817 1261.246338 1261.502319 
40 1255.251953 1259.563965 1259.947632 
41 1255.114258 1259.835571 1260.324097 
42 1254.941650 1259.009521 1259.534058 
43 1254.997925 1259.583740 1260.006226 
44 1255.001221 1258.841064 1259.364624 
45 1254.876709 1259.224609 1259.542847 
46 1254.676147 1258.837524 1259.183838 
47 1254.853394 1260.031006 1260.282837 
0 1259.604370 1258.330566 1257.826660 
1 1257.290649 1258.707520 1258.169922 
2 1256.327271 1259.334351 1258.823853 
3 1256.295898 1258.866455 1258.306641 
0 1259.585449 1260.308960 1259.460693 
1 1257.080444 1258.973999 1258.147583 
2 1256.136963 1258.549438 1257.622437 
3 1255.838501 1260.227051 1259.470093 
4 1255.557007 1259.151245 1258.264771 
5 1255.207764 1259.201294 1258.413818 
6 1255.031616 1259.528076 1258.762451 
7 1254.655151 1258.544434 1257.836914 
8 1254.442627 1259.025146 1258.195435 
9 1254.379395 1259.561646 1258.879150 
10 1254.448975 1259.581421 1258.876099 
11 1254.094238 1259.356812 1258.592651 
12 1253.949707 1261.239624 1260.656250 
13 1254.066650 1258.652466 1258.118042 
14 1253.709595 1258.536011 1257.828613 
15 1253.722046 1258.482544 1257.777710 
16 1253.545532 1260.157959 1259.415771 
17 1253.542603 1258.220947 1257.445068 
18 1253.442749 1264.261963 1263.673828 
19 1253.356689 1259.743896 1259.067505 
20 1253.479126 1258.289185 1257.687378 
21 1253.287476 1259.028931 1258.293945 
22 1253.002930 1259.138062 1258.380493 
23 1253.454590 1258.971436 1258.258911 
24 1252.884399 1259.683960 1259.044312 
25 1252.745361 1258.764038 1257.964600 
26 1253.067383 1258.471802 1257.641113 
27 1252.576904 1257.817505 1256.934082 
28 1252.744019 1258.857056 1258.203125 
29 1252.998535 1258.615479 1257.880615 
30 1252.450684 1259.987793 1259.309937 
31 1252.679688 1258.392334 1257.647095 
32 1252.352783 1257.357544 1256.570435 
33 1252.283447 1258.291504 1257.525024 
34 1252.156860 1257.624146 1256.899780 
35 1252.391968 1257.274170 1256.622681 
36 1252.073853 1257.376587 1256.699097 
37 1251.864136 1257.263916 1256.529663 
38 1251.948242 1257.309814 1256.536743 
39 1251.846924 1256.985962 1256.304321 
40 1251.749512 1257.673828 1256.951660 
41 1251.813965 1257.020020 1256.284058 
42 1251.938721 1258.016602 1257.196411 
43 1251.698608 1257.903076 1257.071411 
0 1256.554692 1255.767347 1255.948188 
1 1254.076585 1254.581129 1254.870157 
2 1253.083672 1254.592089 1254.884294 
3 1253.138847 1256.105612 1256.326508 
4 1252.735063 1256.473219 1256.714574 
5 1252.358540 1256.697794 1256.845830 
6 1252.348606 1255.413068 1255.692563 
7 1251.924095 1255.017660 1255.296349 
8 1251.919331 1255.632153 1255.832103 
9 1251.856831 1255.956006 1256.160830 
10 1252.033071 1255.570781 1255.711743 
11 1251.244747 1255.063503 1255.387866 
12 1251.455930 1254.876619 1255.112014 
13 1251.482309 1256.276633 1256.494449 
14 1251.408086 1256.774995 1257.097084 
15 1251.333341 1255.920088 1256.201345 
16 1251.211780 1255.526671 1255.647139 
17 1251.033831 1255.626292 1256.007816 
18 1250.956901 1255.090516 1255.383724 
19 1250.922033 1255.577253 1255.797373 
20 1251.038235 1255.799047 1256.019285 
21 1250.710841 1256.706746 1256.909211 
22 1250.638316 1255.698086 1256.030665 
23 1250.749823 1255.362408 1255.596565 
24 1250.817862 1255.318878 1255.564060 
25 1250.488929 1255.122244 1255.054950 
26 1250.738250 1256.875916 1257.088425 
27 1250.832732 1254.899310 1254.992224 
28 1250.807192 1255.268665 1255.507683 
29 1250.783803 1254.312789 1254.573308 
30 1250.205965 1254.723270 1254.948740 
31 1251.311328 1256.277452 1256.545177 
32 1250.559444 1254.736561 1254.989084 
33 1250.290053 1254.863733 1255.147004 
34 1250.490776 1255.458821 1255.732480 
35 1250.778291 1255.071630 1255.324797 
36 1250.183879 1255.666978 1255.905465 
37 1250.887786 1254.790275 1255.092085 
38 1250.722367 1255.297819 1255.372075 
39 1250.346656 1255.894204 1256.216096 
40 1250.543000 1254.760286 1255.048082 
41 1250.198830 1256.238175 1256.564918 
42 1250.505288 1254.871082 1255.136173 
43 1250.768053 1256.128224 1256.323811 
44 1249.996101 1254.451512 1254.698813 
45 1249.980162 1254.282068 1254.810889 
46 1250.098445 1256.361165 1256.546215 
47 1250.117127 1254.667362 1254.949277 
48 1249.859478 1253.846471 1254.178582 
49 1250.029850 1253.863977 1254.128040 
50 1250.022106 1255.253149 1255.536345 
51 1249.940605 1255.426461 1255.672241 
52 1249.882879 1254.454758 1254.634674 
53 1249.780565 1253.741313 1253.915062 
54 1249.401617 1254.107750 1254.151846 
55 1249.432135 1253.724939 1253.957825 
56 1249.640658 1254.680398 1254.953400 
57 1249.424420 1253.882689 1254.138464 
58 1249.638817 1254.600367 1254.788563 
59 1250.270916 1253.802379 1254.088857 
60 1249.521937 1254.554569 1254.873383 
61 1249.983075 1254.574063 1254.793672 
62 1249.356895 1254.011580 1254.309523 
63 1250.039000 1257.246113 1257.542395 
64 1249.322021 1253.874698 1254.316785 
65 1249.705937 1256.674795 1256.787185 
66 1249.242234 1254.044271 1254.449169 
67 1249.705806 1253.725457 1253.866423 
68 1249.332644 1255.193558 1255.486924 
69 1249.300554 1254.766373 1255.134628 
70 1249.943574 1256.118824 1256.468319 
71 1249.379991 1253.420308 1253.902958 
72 1249.598634 1253.756528 1253.987576 
73 1249.067100 1253.687159 1253.994298 
74 1250.192240 1255.089078 1255.345371 
75 1249.284070 1255.449332 1255.592219 
76 1249.704876 1255.828081 1256.129135 
77 1249.508012 1255.797219 1256.113073 
78 1249.731431 1254.422001 1254.668987 
79 1248.945290 1254.173464 1254.331112 
80 1249.199004 1254.572271 1254.778960 
81 1248.693208 1253.069985 1253.353998 
82 1249.167091 1253.717047 1253.898123 
83 1249.328691 1253.190298 1253.427506 
84 1248.757464 1254.222557 1254.366073 
85 1248.417697 1253.195902 1253.351675 
86 1248.526215 1253.975016 1254.311624 
87 1248.639853 1255.772069 1255.988112 
88 1248.485896 1254.292982 1254.534354 
89 1248.440664 1254.167690 1254.297391 
90 1248.488160 1254.197278 1254.350106 
91 1248.609558 1256.249044 1256.301847 
92 1248.386984 1252.966879 1253.272690 
93 1248.500344 1252.555192 1252.773386 
94 1248.912368 1255.887844 1255.966477 
95 1248.257604 1252.949392 1253.167109 
96 1247.899948 1253.435889 1253.663763 
97 1247.804225 1253.774164 1253.916777 
98 1248.273359 1254.380604 1254.558363 
99 1248.017417 1254.172489 1254.417798 
100 1247.381785 1251.866550 1252.079181 
101 1247.246932 1253.527523 1253.669915 
102 1247.754924 1251.818812 1252.154691 
103 1247.467536 1252.588733 1253.056642 
104 1248.339361 1252.203470 1252.484835 
105 1247.704751 1253.180027 1253.340416 
106 1247.849564 1252.740775 1253.012974 
107 1247.986031 1252.431007 1252.702284 
108 1247.918378 1254.695889 1254.857948 
109 1248.397883 1252.404572 1252.481649 
110 1247.653328 1253.644156 1253.729103 
111 1248.113850 1252.773851 1252.835867 
112 1247.286609 1252.582554 1252.785919 
113 1248.532280 1253.016475 1253.261490 
114 1248.489631 1252.885095 1253.090793 
115 1248.186660 1252.346765 1252.529330 
116 1247.310717 1255.601577 1255.804038 
117 1248.668200 1253.414507 1253.691979 
118 1247.797819 1253.538583 1253.893593 
119 1247.209223 1251.485238 1251.753555 
120 1247.544448 1251.406981 1251.694905 
121 1247.272349 1252.130640 1252.435400 
122 1247.378255 1253.717433 1253.979252 
123 1247.410499 1254.185177 1254.485026 
124 1247.468002 1250.709067 1250.950138 
125 1246.454475 1251.758522 1251.918898 
126 1247.227982 1251.970621 1252.224365 
127 1247.476193 1253.222085 1253.498306 
128 1246.763603 1252.839233 1253.211104 
129 1248.304604 1254.179401 1254.449054 
130 1246.584977 1252.909619 1253.481982 
131 1246.770135 1251.797782 1251.965426 
132 1246.508991 1252.477374 1252.642443 
133 1246.805652 1252.216295 1252.430520 
134 1245.675593 1250.705952 1250.949119 
135 1246.079700 1251.025470 1251.160889 
136 1246.582130 1250.141492 1250.167928 
137 1246.787478 1251.835399 1251.934395 
138 1246.391249 1250.785853 1251.039600 
139 1245.510556 1251.054530 1251.387115 
140 1245.971358 1251.648076 1251.888230 
141 1245.929994 1251.355267 1251.379126 
142 1246.011994 1251.547677 1251.764907 
143 1245.872531 1250.192517 1250.478813 
144 1245.358137 1252.592562 1252.771294 
145 1246.143665 1252.452968 1252.824587 
146 1246.068018 1250.909565 1251.359299 
147 1245.804036 1250.594531 1250.814016 
148 1245.733797 1250.005519 1250.258933 
149 1246.095829 1254.457515 1255.036674 
150 1246.366368 1253.165771 1253.216556 
151 1245.408567 1251.068069 1251.224082 
152 1246.342015 1251.697435 1251.888585 
153 1246.412509 1249.788867 1250.013413 
154 1245.804592 1250.586658 1250.877717 
155 1245.881237 1251.173745 1251.447576 
156 1246.677105 1250.587068 1250.909554 
157 1246.142982 1252.147347 1252.314371 
158 1246.649619 1250.445719 1250.818063 
159 1245.601805 1249.759280 1249.964530 
160 1244.825125 1253.675278 1253.855387 
161 1245.257357 1255.762493 1255.780723 
162 1245.950582 1250.682661 1250.984055 
163 1246.046721 1252.380404 1252.598307 
164 1246.165124 1250.556998 1250.904148 
165 1246.740361 1251.913274 1252.055936 
166 1245.078122 1251.701388 1252.039531 
167 1245.889778 1257.273013 1257.605896 
168 1245.471347 1250.040845 1250.270953 
169 1245.401328 1252.948507 1252.900847 
170 1245.373496 1250.459901 1250.703079 
171 1245.393149 1250.992693 1251.260823 
172 1244.102027 1247.995127 1248.286818 
173 1244.491384 1249.715088 1249.922622 
174 1244.486213 1249.780295 1249.954386 
175 1244.922380 1252.762476 1252.877852 
176 1245.872019 1250.325187 1250.441304 
177 1245.506471 1251.181343 1251.518234 
178 1245.792314 1253.264772 1253.524979 
179 1245.307663 1251.122628 1251.098972 
180 1244.935636 1250.262258 1250.639362 
181 1244.995581 1248.867402 1249.313490 
182 1243.879054 1250.400310 1250.928450 
183 1244.231229 1251.723317 1251.988213 
184 1244.991313 1250.110070 1250.491420 
185 1245.503267 1255.629519 1255.887843 
186 1245.598532 1252.391243 1252.655327 
187 1245.603840 1251.321693 1251.507382 
188 1244.252141 1251.625632 1251.885812 
189 1244.859296 1250.688816 1250.907468 
190 1244.256111 1251.167516 1251.343888 
191 1244.361543 1249.067950 1249.228759 
192 1244.733174 1248.780365 1249.470538 
193 1284.334562 1274.298284 1274.216199 
194 1262.737805 1262.394412 1262.575393 
195 1258.526464 1261.986538 1261.956965 
196 1256.726153 1259.649149 1259.774471 
197 1255.373824 1260.947457 1260.765321 
198 1254.013073 1259.392139 1259.297305 
199 1253.649445 1256.228562 1256.309507 
200 1252.641297 1255.998629 1255.976932 
201 1252.755004 1261.540607 1261.561801 
202 1252.368405 1256.178035 1256.158263 
203 1770.789675 1604.833811 1605.035872 
204 6363.166523 12499.943105 12533.405439 
205 5346.123587 2082.049833 2084.683113 
206 1957.235539 1888.297335 1889.412516 
207 1930.205497 2036.891215 2035.502146 
208 2032.083812 2019.624344 2018.182114 
209 2031.942816 1988.843981 1987.890598 
210 2172.043275 2172.299014 2172.060247 
211 2099.858501 1996.208989 1996.327460 
212 1946.378478 1914.662297 1914.302405 
213 1886.092573 1868.536885 1868.469071 
214 1851.969602 1857.323997 1857.430994 
215 1846.302914 1859.425153 1860.041898 
216 2115.579206 3627.489082 3628.733223 
217 2539.457582 1980.447115 1979.462177 
218 1987.687837 2044.301377 2042.360159 
219 2061.868435 2147.955544 2144.367908 
220 2110.037367 2083.360491 2080.306914 
221 2033.547892 1957.088470 1955.590137 
222 1919.954748 2107.935020 2105.721396 
223 2115.566661 2087.069412 2084.810937 
224 2050.684980 2009.698657 2007.727010 
225 1984.865446 2217.994666 2216.918853 
226 2047.765053 1983.344684 1982.004116 
227 2156.931094 2049.852573 2047.702122 
228 2504.876819 2814.880571 2814.003745 
229 2207.864300 1971.989427 1970.982438 
230 2028.525870 2137.620229 2134.373933 
231 2201.506166 13699.279756 13741.474453 
232 6464.913550 2544.702800 2548.891411 
233 2726.277449 2837.135029 2837.324983 
234 2269.276865 2008.659634 2006.839819 
235 2183.598318 2018.936307 2017.398871 
236 2116.690517 2315.787737 2317.059946 
237 2327.173600 4284.748198 4301.187822 
238 2662.816542 2068.063779 2069.488234 
239 2389.161810 2213.250056 2214.922202 
240 2131.507300 1997.846473 1997.192289 
241 7095.663787 2011.536118 2011.964855 
242 1970.450701 1940.241156 1940.495370 
243 1926.123955 1937.396226 1937.983154 
244 1914.341985 1894.816509 1895.048143 
245 1883.481687 1863.846416 1863.123451 
246 1885.273501 1837.948651 1836.188878 
247 1810.925830 1798.359989 1795.959271 
248 1774.996537 1762.802620 1760.307317 
249 1837.012462 1784.362821 1782.173242 
250 1741.560366 1715.449517 1713.097803 
251 1693.007029 1680.238273 1677.538058 
252 1801.155541 1676.707125 1673.645724 
253 1652.059332 1638.242585 1635.018104 
0 2449.852662 1447.928358 1443.157822 
1 1424.577189 1412.985638 1411.159869 
2 1405.005169 1402.409840 1401.534882 
3 1396.799817 1397.488959 1397.097206 
4 1390.949239 1392.308042 1392.129238 
5 1386.433833 1388.933553 1388.933640 
6 1383.012363 1384.981613 1385.005992 
7 1379.286708 1386.841479 1386.820038 
0 1798.614866 1532.146448 1530.348713 
1 1755.150896 1527.289325 1525.664144 
0 2445.330263 1450.349542 1443.834125 
1 1426.023552 1414.687195 1410.891802 
2 1407.647074 1404.893551 1401.033684 
3 1399.694224 1398.672725 1394.671544 
4 1393.878115 1395.005839 1390.988806 
5 1389.458308 1390.745924 1386.856396 
6 1385.229172 1386.866162 1382.803907 
7 1381.133431 1383.375980 1378.767161 
8 1377.435042 1378.360394 1374.995555 
9 1373.095924 1374.957159 1371.610690 
10 1369.013923 1369.948156 1366.737893 
11 1364.739020 1365.820297 1362.417006 
12 1361.081700 1362.190833 1359.255911 
13 1357.635677 1358.139918 1355.115492 
14 1353.866419 1355.110138 1351.307102 
15 1350.536554 1351.983795 1348.926687 
16 1347.090766 1348.584070 1345.200817 
17 1343.877635 1344.889358 1341.372262 
18 1340.352769 1341.177648 1338.125984 
19 1337.059626 1338.070457 1334.877109 
20 1334.032206 1336.233228 1332.139393 
21 1330.774921 1330.760432 1327.891494 
22 1327.621048 1328.434076 1324.583956 
23 1325.084187 1325.964996 1323.102501 
24 1322.469155 1322.943634 1319.718535 
25 1319.888632 1320.776644 1318.688207 
26 1317.693715 1318.713176 1316.670040 
27 1315.719667 1317.170850 1313.884722 
28 1313.080811 1314.165062 1311.370249 
29 1311.617188 1311.816050 1309.350386 
30 1309.338096 1310.617878 1307.424283 
31 1307.471396 1308.948481 1305.553513 
32 1305.635165 1306.739250 1303.855791 
33 1304.270923 1305.166376 1302.221970 
34 1302.444088 1303.285886 1300.312308 
35 1301.213833 1301.775521 1299.360714 
36 1299.513377 1300.720491 1298.016498 
37 1298.300574 1299.553611 1296.446342 
38 1296.898461 1297.885739 1295.289431 
39 1295.895800 1296.813660 1293.482584 
40 1294.732420 1295.463365 1293.028481 
41 1293.652022 1294.954044 1292.481667 
42 1292.649292 1293.742185 1291.139774 
43 1291.206189 1292.065729 1289.931876 
44 1290.795396 1292.007375 1288.758121 
45 1289.797440 1290.969958 1288.336486 
46 1288.732860 1290.122578 1287.958148 
47 1287.901800 1288.783093 1286.695333 
48 1287.293680 1289.068662 1285.639860 
49 1286.772030 1288.104421 1285.270653 
50 1285.828763 1286.614741 1284.567305 
51 1285.176537 1286.933760 1283.662681 
52 1284.565665 1286.197521 1283.794026 
53 1284.464832 1285.810299 1283.171350 
54 1284.008393 1285.089858 1281.921913 
55 1283.184762 1283.860734 1281.771986 
56 1282.689071 1284.127018 1281.171147 
57 1282.191484 1283.695035 1281.055076 
58 1281.359698 1282.592759 1279.946371 
59 1280.928261 1281.978505 1279.905830 
60 1280.759589 1281.322860 1278.882485 
61 1280.275931 1281.177457 1278.212776 
62 1279.688025 1280.961453 1279.702576 
63 1279.325478 1280.370706 1277.797058 
64 1279.115859 1280.579661 1277.830632 
65 1278.518965 1280.161842 1277.144602 
66 1278.199956 1279.258346 1276.729414 
67 1277.978863 1279.034990 1276.782939 
68 1277.914411 1279.123861 1276.735867 
69 1277.338026 1278.337739 1275.971454 
70 1276.895024 1278.350138 1276.583010 
71 1276.754310 1277.550562 1275.157190 
72 1276.276046 1277.489384 1275.182443 
73 1276.369735 1277.649932 1275.613763 
74 1275.960952 1276.805977 1274.132683 
75 1275.454393 1277.312236 1274.724692 
76 1275.265394 1276.553195 1273.868533 
77 1274.892770 1276.049363 1273.969186 
78 1274.959869 1276.271914 1273.960918 
79 1274.611665 1276.063458 1273.871324 
80 1274.555519 1276.895181 1273.827426 
81 1274.066932 1275.609127 1272.841389 
82 1273.933379 1275.310536 1272.244534 
83 1273.851927 1275.156226 1272.719039 
84 1273.688536 1275.040730 1272.171646 
85 1273.071574 1274.512622 1272.103323 
86 1273.125255 1274.013557 1272.080389 
87 1273.006079 1273.642324 1271.658275 
88 1272.354953 1273.900261 1271.223434 
89 1272.719501 1274.630139 1272.392715 
90 1272.506739 1273.416903 1271.164687 
91 1272.206868 1274.656722 1271.870529 
92 1271.982602 1273.561846 1271.639274 
93 1271.956628 1273.200780 1271.374714 
94 1271.398015 1273.692766 1270.726672 
95 1271.712411 1273.033760 1271.555254 
96 1271.253329 1272.491006 1270.753113 
97 1271.057048 1272.753726 1270.939264 
98 1271.214248 1273.092927 1270.513148 
99 1271.156889 1272.737173 1269.856427 
100 1270.903144 1272.122133 1270.450499 
101 1270.467177 1272.008597 1269.677313 
102 1270.232679 1272.243419 1269.787389 
103 1269.935087 1270.905133 1268.780192 
104 1269.994938 1272.236996 1269.482555 
105 1270.058008 1271.830166 1269.848917 
106 1269.736028 1271.037717 1268.402378 
107 1269.786680 1270.894111 1268.387163 
108 1269.271939 1271.172784 1268.773818 
109 1269.386138 1270.566836 1268.722897 
110 1269.287127 1270.184114 1267.542294 
111 1269.192273 1270.425603 1267.877595 
112 1268.910596 1271.286559 1269.429861 
113 1268.802390 1270.033120 1267.287822 
114 1268.668148 1269.792468 1267.796489 
115 1268.505367 1270.288594 1267.874631 
116 1268.479235 1269.927734 1266.975220 
117 1268.334565 1269.433970 1267.478029 
118 1268.370207 1269.449148 1267.549694 
119 1267.717550 1270.048506 1267.236277 
120 1268.035639 1269.624828 1266.862601 
121 1267.768788 1270.102568 1267.435887 
122 1267.470433 1269.344229 1266.905129 
123 1267.421815 1268.907229 1266.272080 
124 1267.133069 1268.688879 1266.423491 
125 1267.440503 1268.131101 1266.546704 
126 1267.113701 1268.942195 1265.848562 
127 1266.775617 1268.681522 1266.095177 
128 1266.789553 1268.604216 1265.868276 
129 1266.762740 1268.980980 1266.108489 
130 1266.589388 1267.242749 1265.464403 
131 1266.766159 1267.699103 1265.859579 
132 1266.377802 1268.406495 1265.583550 
133 1266.201334 1267.014182 1265.360393 
134 1266.072007 1267.740005 1265.264542 
135 1266.539888 1268.824092 1265.949940 
136 1266.379660 1268.300314 1265.250028 
137 1265.898624 1267.244060 1265.393146 
138 1266.101873 1267.063837 1264.562292 
139 1266.329778 1267.575497 1264.673167 
140 1265.766200 1266.938069 1264.604264 
141 1265.599405 1267.210551 1265.053694 
142 1265.533540 1267.825770 1264.912051 
143 1265.296547 1266.724200 1264.391101 
144 1265.655300 1267.099392 1264.492020 
145 1265.421384 1268.194355 1265.574949 
146 1265.244775 1266.250114 1264.079667 
147 1265.122863 1266.348153 1263.843115 
148 1265.158902 1266.947661 1264.178624 
149 1265.024122 1266.511002 1264.264104 
150 1264.935378 1266.549961 1264.086027 
151 1265.018976 1266.780706 1264.327999 
152 1264.963865 1266.816010 1263.533638 
153 1264.441271 1266.349590 1264.169036 
154 1264.625005 1265.677664 1264.431194 
155 1264.461669 1265.953384 1263.443169 
156 1264.589046 1266.318735 1263.874126 
157 1264.154033 1265.972286 1263.451436 
158 1264.291765 1264.892947 1263.422842 
159 1263.942956 1265.449640 1262.975730 
160 1263.888773 1265.408309 1263.309944 
161 1263.831064 1265.494862 1262.901760 
162 1263.756499 1265.542744 1262.659104 
163 1263.900734 1264.664957 1262.547297 
164 1263.859925 1264.791317 1262.291768 
165 1264.026822 1265.270787 1262.786149 
166 1263.555302 1265.576765 1262.697813 
167 1263.603864 1265.040072 1263.398655 
168 1263.566720 1264.709214 1262.366545 
169 1263.165709 1264.664624 1262.313364 
170 1263.233323 1265.203892 1262.995627 
171 1263.344234 1264.648225 1262.865470 
172 1263.132350 1264.112753 1262.361816 
173 1263.387755 1264.880657 1262.507549 
174 1263.427203 1264.658213 1261.604122 
175 1263.029020 1264.550518 1261.716409 
176 1262.826324 1264.237883 1261.594202 
177 1262.969552 1264.189567 1261.621029 
178 1262.829188 1264.565132 1261.377592 
179 1263.008990 1264.154254 1261.751195 
180 1262.693173 1264.092445 1261.389822 
181 1262.487390 1264.086450 1261.429506 
182 1262.229227 1264.196415 1261.973254 
183 1262.841329 1263.499011 1262.232673 
184 1262.292562 1263.691246 1261.263137 
185 1262.056244 1264.575490 1261.161212 
186 1262.268975 1264.409008 1261.526487 
187 1262.159171 1264.072253 1261.361500 
188 1262.119244 1263.477294 1260.300396 
189 1262.015450 1263.582052 1261.206471 
190 1262.763433 1263.907340 1261.132137 
191 1262.346958 1264.079921 1261.402329 
192 1262.153605 1263.356974 1260.751591 
193 1262.002683 1263.136425 1260.778175 
194 1261.869343 1263.944304 1260.377433 
195 1261.749513 1263.532064 1260.980728 
196 1261.858585 1263.190796 1260.809609 
197 1262.014279 1263.232375 1260.548762 
198 1261.667130 1262.674712 1260.010930 
199 1261.606166 1263.894659 1261.077491 
200 1261.698943 1262.686708 1260.936827 
201 1261.480694 1262.753256 1260.459636 
202 1261.143236 1261.932948 1260.410270 
203 1261.168146 1263.476483 1260.907991 
204 1261.228613 1262.356123 1259.949020 
205 1261.552624 1262.535656 1260.065165 
206 1261.017675 1263.066019 1260.616470 
207 1261.051410 1262.872714 1260.249313 
208 1261.182958 1262.576401 1259.371992 
209 1261.057877 1261.942094 1259.452019 
210 1260.790740 1262.029238 1259.968369 
211 1260.834594 1262.106603 1260.303503 
212 1260.939174 1262.703860 1259.739689 
213 1261.144094 1262.329359 1260.514777 
214 1261.035538 1262.581506 1259.710543 
215 1260.564808 1261.651010 1259.573884 
216 1260.663238 1262.027737 1259.143408 
217 1260.702613 1262.109580 1259.163657 
218 1260.357363 1261.952904 1259.584227 
219 1260.219418 1262.053080 1259.522736 
220 1261.152907 1261.951246 1259.299032 
221 1260.457826 1261.985261 1259.702743 
222 1260.320080 1261.966940 1259.260956 
223 1260.615106 1260.938580 1258.595242 
224 1260.446603 1261.624148 1259.015551 
225 1260.691564 1262.185715 1259.516520 
226 1260.876049 1261.821732 1259.067802 
227 1260.337182 1261.691782 1259.070339 
228 1259.994925 1261.793098 1259.519852 
229 1260.137908 1260.975046 1259.243632 
230 1260.265803 1260.625658 1258.500615 
231 1260.326838 1261.793822 1258.473501 
232 1260.000956 1261.593169 1259.096614 
233 1259.717054 1261.236760 1257.933119 
234 1259.890023 1261.551294 1258.727242 
235 1259.880207 1261.220167 1258.607161 
236 1260.099966 1261.297097 1259.260647 
237 1259.877075 1260.840625 1258.393795 
238 1259.570604 1260.646736 1259.537056 
239 1259.717513 1261.644628 1258.960270 
240 1259.883409 1260.664315 1258.875262 
241 1259.337583 1260.929056 1258.582295 
242 1259.644336 1261.352744 1258.591613 
243 1259.964429 1261.168630 1258.666171 
244 1259.599283 1260.126725 1257.940276 
245 1259.346919 1261.082813 1257.803452 
246 1259.037666 1261.034492 1258.866383 
247 1259.483380 1260.718777 1257.735670 
248 1259.116498 1260.994257 1258.767660 
249 1259.073346 1260.767816 1257.810144 
250 1258.876685 1260.793271 1257.913551 
251 1258.900311 1260.210259 1257.910592 
252 1259.061781 1260.384315 1257.599221 
253 1258.766521 1259.824906 1257.897568 
254 1258.897110 1260.266772 1257.573346 
255 1258.791820 1259.455112 1256.781586 
256 1258.750489 1260.145815 1257.240178 
257 1258.619039 1259.770668 1257.712698 
258 1258.959401 1260.109574 1257.931737 
259 1258.661175 1259.218826 1256.389468 
260 1258.655382 1260.570554 1257.815646 
261 1258.318885 1259.992781 1257.128690 
262 1258.444621 1260.048518 1257.781042 
263 1258.338448 1259.313782 1257.696848 
264 1258.164233 1259.590748 1257.616962 
265 1258.175703 1259.752582 1256.786205 
266 1258.198014 1259.881265 1257.461840 
267 1258.642721 1259.883407 1256.602980 
268 1257.898146 1259.801163 1256.786274 
269 1258.153670 1259.444631 1256.865002 
270 1258.062867 1260.236261 1258.245890 
271 1257.948282 1259.380437 1257.147426 
272 1258.202029 1258.495596 1256.638568 
273 1258.587736 1259.870942 1257.355514 
274 1258.626513 1259.335425 1257.308407 
275 1258.169253 1259.286801 1256.465007 
276 1257.670793 1258.824192 1257.151283 
277 1257.971709 1266.408616 1263.876904 
278 1258.337240 1258.789723 1256.803546 
279 1258.087828 1258.707128 1256.296064 
280 1257.867985 1258.920884 1256.629110 
281 1257.954782 1259.766686 1257.463654 
282 1257.904017 1259.058843 1257.372080 
283 1257.865432 1258.708022 1256.237443 
284 1258.123244 1259.030951 1256.101315 
285 1257.901496 1259.316385 1257.040974 
286 1257.692097 1259.268678 1257.045494 
287 1257.294131 1258.181367 1255.883145 
288 1257.647172 1260.072897 1257.440156 
289 1257.415511 1259.180776 1256.492722 
290 1257.416994 1258.712928 1256.500962 
291 1257.374759 1258.447867 1256.715825 
292 1257.403814 1258.947733 1256.225922 
293 1257.360078 1259.538500 1257.581556 
294 1257.537264 1259.449303 1256.172172 
295 1257.218019 1258.373292 1255.789858 
296 1257.204483 1259.501537 1256.828033 
297 1257.156244 1259.336440 1255.794366 
298 1256.951236 1258.373494 1255.228190 
299 1256.793505 1257.979592 1255.447004 
300 1256.870338 1258.453424 1255.990286 
301 1257.133160 1258.400881 1256.584181 
302 1257.080705 1257.919243 1255.493787 
303 1256.878177 1258.118479 1256.284325 
304 1256.792571 1258.343674 1255.482383 
305 1256.890213 1258.327329 1256.176655 
306 1256.827696 1257.919838 1254.766395 
307 1256.785672 1258.332522 1255.801484 
308 1256.944849 1258.157610 1255.573243 
309 1256.546163 1258.424845 1255.843506 
310 1256.595854 1259.135029 1256.271350 
311 1256.774825 1257.375811 1254.899523 
312 1256.515020 1258.104501 1255.954835 
313 1256.796383 1258.205981 1255.480354 
314 1256.503402 1258.244189 1255.833246 
315 1257.190741 1257.578641 1255.463738 
316 1256.594108 1256.831709 1255.157587 
317 1256.617767 1258.108644 1254.793126 
318 1256.754342 1259.155276 1257.505554 
319 1256.372096 1257.833599 1255.393152 
320 1256.636203 1257.073264 1254.572375 
321 1256.704322 1259.002554 1255.836021 
322 1256.325893 1257.368892 1255.308486 
323 1256.180799 1257.964364 1255.627625 
324 1256.794356 1258.015758 1255.212054 
325 1256.529458 1258.865430 1255.611899 
326 1256.284251 1258.333895 1255.246912 
327 1256.269094 1256.761028 1254.225748 
328 1256.391893 1256.645493 1254.929915 
329 1257.207329 1259.315787 1256.874071 
330 1256.386874 1257.718223 1254.926218 
331 1256.553503 1256.869265 1255.376544 
332 1256.115400 1257.230388 1255.399165 
333 1256.171268 1256.735677 1254.813859 
334 1256.070982 1258.875476 1256.120511 
335 1255.900658 1256.887135 1255.053221 
336 1255.990710 1256.832157 1254.530876 
337 1256.054000 1257.258341 1255.296797 
338 1255.890131 1256.399149 1254.573156 
339 1255.894047 1257.321260 1255.791045 
340 1255.717876 1257.016450 1254.348132 
341 1255.621880 1257.084670 1254.155249 
342 1255.796761 1256.946593 1254.106272 
343 1256.343443 1258.652745 1255.983019 
344 1256.316098 1257.000171 1255.070353 
345 1256.008089 1257.582661 1254.823536 
346 1255.657964 1256.431647 1253.576052 
347 1255.831375 1257.134032 1254.706832 
348 1255.574602 1259.503467 1256.824302 
349 1255.691500 1256.867788 1254.192968 
350 1255.667282 1257.361573 1254.383572 
351 1255.665261 1258.546675 1256.646774 
352 1256.000828 1257.803441 1255.222988 
353 1256.039638 1256.624205 1254.828010 
354 1255.808784 1256.772402 1254.372614 
355 1255.311156 1256.523737 1254.561328 
356 1255.562304 1256.971770 1254.045950 
357 1255.575167 1256.432853 1255.204086 
358 1256.011048 1256.185050 1254.448462 
359 1255.570856 1256.484099 1253.314437 
360 1255.611514 1256.911342 1254.298569 
361 1255.373778 1257.250869 1255.503464 
362 1255.343287 1256.376746 1253.966425 
363 1255.174200 1256.306093 1254.456387 
364 1255.500704 1256.652106 1254.263641 
365 1255.256181 1255.935410 1253.807203 
366 1255.956744 1256.435420 1254.236101 
367 1254.982465 1256.395203 1254.327948 
368 1255.386452 1256.503020 1254.346438 
369 1255.330805 1256.808066 1254.498079 
370 1255.316376 1257.956227 1255.736017 
371 1255.302637 1256.393223 1253.937760 
372 1255.377359 1256.555728 1254.070870 
373 1255.272234 1256.804949 1253.429584 
374 1255.110400 1257.367681 1255.777202 
375 1255.129415 1255.853533 1253.769086 
376 1254.929590 1256.607686 1253.962301 
377 1254.936326 1256.818866 1254.443416 
378 1255.344593 1256.466616 1254.508502 
379 1256.122564 1256.619769 1254.180791 
380 1255.123535 1255.443116 1253.757489 
381 1254.621402 1256.498046 1254.381737 
382 1255.001951 1257.298407 1254.018129 
383 1255.215620 1256.704562 1253.992288 
384 1254.747581 1257.362616 1255.438074 
385 1255.090784 1255.874786 1254.584052 
386 1254.602313 1255.893437 1253.569530 
387 1254.806372 1255.300624 1253.141139 
388 1255.047645 1256.278147 1254.107961 
389 1254.959320 1256.326816 1253.103286 
390 1254.729038 1254.796725 1253.128654 
391 1254.937474 1256.576791 1254.160221 
392 1254.903310 1257.459969 1254.649065 
393 1255.232268 1255.340751 1253.661600 
394 1254.358443 1256.737983 1254.668038 
395 1254.669209 1256.149281 1253.787720 
396 1255.073007 1256.054814 1253.570109 
397 1254.732326 1256.170693 1254.119409 
398 1255.199719 1255.895568 1253.316023 
399 1255.328760 1255.812546 1253.905929 
400 1254.858991 1263.490619 1260.982628 
401 1254.958944 1257.020492 1254.975745 
402 1254.808410 1255.888304 1252.568890 
403 1254.649056 1256.857490 1254.427914 
404 1255.231095 1256.948455 1254.615809 
405 1254.839283 1256.974882 1253.930444 
406 1255.000088 1255.679749 1253.476335 
407 1254.577902 1257.177817 1255.746453 
408 1254.833509 1256.050538 1253.820945 
409 1255.361178 1259.478351 1256.440598 
410 1255.573889 1258.466096 1255.992454 
411 1255.277900 1256.196957 1253.657252 
412 1254.873323 1257.796174 1255.064424 
413 1255.430166 1257.049988 1254.147222 
414 1255.092617 1255.488519 1253.279963 
415 1255.112387 1256.726240 1254.147692 
416 1254.811758 1256.666227 1253.608838 
417 1254.591726 1255.490995 1253.252146 
418 1254.620677 1255.949087 1253.533550 
419 1254.861958 1256.265763 1253.634032 
420 1255.011786 1255.005831 1253.102711 
421 1254.378194 1255.199465 1252.938833 
422 1254.798240 1255.277926 1252.999154 
423 1255.048886 1256.475597 1254.376238 
424 1254.878834 1255.848167 1253.890475 
425 1254.403406 1255.578641 1253.682188 
426 1254.427978 1255.817037 1253.376676 
427 1254.459378 1255.361599 1252.866372 
428 1254.449925 1257.404659 1254.978783 
429 1254.294986 1255.920659 1253.487278 
430 1254.593739 1256.133627 1254.485840 
431 1254.470354 1256.276101 1253.380560 
432 1254.708687 1255.683738 1253.502988 
433 1254.783596 1259.181003 1256.448802 
434 1255.121032 1254.980568 1252.142369 
435 1254.705486 1255.162985 1253.132423 
436 1254.101914 1258.850106 1256.024227 
437 1254.467547 1255.879022 1253.194368 
438 1254.816482 1255.653571 1253.434395 
439 1254.476180 1254.646066 1252.514591 
440 1254.014489 1255.768000 1253.485812 
441 1254.443147 1255.475059 1254.483112 
442 1254.301179 1260.820630 1258.869117 
443 1254.063049 1257.042789 1253.998937 
444 1254.535260 1259.528440 1256.616833 
445 1254.210925 1255.437753 1252.728380 
446 1254.181380 1255.152246 1253.225098 
447 1254.178523 1256.210387 1253.645916 
448 1254.405630 1256.716403 1253.593083 
449 1254.556911 1255.285110 1252.603600 
450 1254.031435 1255.213871 1252.607291 
451 1254.557487 1255.427861 1252.708772 
452 1254.692996 1258.082456 1255.509539 
453 1254.478723 1257.850654 1255.625680 
454 1254.072448 1256.781089 1254.339988 
455 1254.393227 1256.133497 1253.977491 
456 1253.819939 1256.901171 1254.641029 
457 1254.692950 1255.256876 1253.252423 
458 1254.410809 1256.160620 1252.794768 
459 1254.278483 1254.595127 1252.489697 
460 1254.603461 1254.584066 1252.695011 
461 1254.527216 1254.959070 1252.580300 
462 1254.358621 1256.251768 1253.768768 
463 1254.331118 1255.023126 1252.065900 
464 1254.432561 1255.326859 1252.252966 
465 1254.274617 1256.435122 1254.554338 
466 1253.899228 1256.757391 1254.726124 
467 1253.939679 1256.715529 1254.036890 
468 1254.439796 1257.814525 1255.941709 
469 1254.910631 1257.712048 1255.722468 
470 1254.591833 1256.214324 1253.605841 
471 1254.762745 1255.467775 1253.047822 
472 1254.409650 1254.607291 1251.857626 
473 1254.919073 1256.724115 1253.832928 
474 1254.725961 1255.377922 1253.398013 
475 1254.571746 1255.355482 1252.531720 
476 1254.465198 1254.983016 1252.822899 
477 1254.514610 1255.225714 1253.062958 
478 1254.435337 1256.324359 1254.140386 
479 1254.322088 1254.480848 1251.903525 
480 1254.747617 1253.983909 1251.631270 
481 1254.932645 1255.462306 1253.695389 
482 1254.863653 1257.825780 1254.960682 
483 1254.503360 1258.118875 1255.738627 
484 1253.893471 1254.787797 1252.162571 
485 1254.194969 1255.237904 1252.996152 
486 1254.397185 1258.467362 1256.290872 
487 1254.437190 1255.284595 1253.157689 
488 1253.902683 1256.493959 1254.182433 
489 1254.418027 1255.515103 1253.245349 
490 1253.819049 1254.210109 1252.296547 
491 1254.541936 1254.362089 1252.933717 
492 1254.273818 1254.013384 1252.197788 
493 1253.669906 1255.562775 1253.841293 
494 1254.225107 1254.003539 1252.541458 
495 1254.371377 1256.710892 1253.893574 
496 1253.770175 1254.914131 1251.753329 
497 1253.365921 1260.447996 1257.452249 
498 1253.976471 1255.502224 1253.479519 
499 1254.126486 1255.382256 1253.314962 
500 1254.617735 1256.124133 1253.748335 
501 1254.421675 1254.889176 1251.922235 
502 1253.924887 1257.213942 1254.387494 
503 1254.223521 1254.651099 1251.829052 
504 1254.043052 1256.187877 1254.132472 
505 1253.376199 1255.714508 1253.073545 
506 1254.167507 1254.821497 1252.820109 
507 1253.467893 1254.695842 1252.714380 
508 1255.282608 1255.723345 1253.546774 
509 1253.992476 1254.019720 1252.218619 
510 1252.832118 1260.244948 1257.710132 
511 1254.018503 1256.946893 1254.942356 
512 1253.989340 1254.523485 1252.642173 
513 1254.555212 1255.308773 1253.285867 
514 1254.475263 1255.783540 1253.860985 
515 1254.474682 1256.238248 1254.081418 
516 1253.885089 1255.169218 1252.561238 
517 1253.963525 1255.036365 1251.943329 
518 1254.747984 1254.934275 1252.835228 
519 1254.107139 1255.129951 1253.101947 
520 1254.236092 1254.364736 1252.235975 
521 1253.868622 1260.082621 1257.035653 
522 1254.296167 1255.630569 1253.123488 
523 1253.473546 1253.765265 1251.440840 
524 1253.872701 1253.984055 1251.457025 
525 1253.419205 1259.474080 1257.046179 
526 1255.439692 1254.942196 1252.282305 
527 1254.249070 1257.564348 1254.281134 
528 1254.677483 1255.153174 1252.266984 
529 1253.769489 1255.931847 1253.767495 
530 1253.890166 1257.258969 1253.590791 
531 1253.683860 1254.751760 1252.111108 
532 1254.579937 1255.269913 1253.350410 
533 1253.929634 1253.665654 1252.025822 
534 1253.654450 1255.404152 1253.961558 
535 1254.117639 1257.866119 1254.948743 
536 1254.488010 1256.319897 1253.454753 
537 1253.125817 1253.895319 1252.024349 
538 1253.677747 1255.591616 1253.078735 
539 1253.415223 1256.274460 1253.987749 
540 1253.950182 1254.260549 1252.180635 
541 1253.288394 1254.714353 1252.610903 
542 1253.894206 1255.587659 1252.978571 
543 1253.600073 1254.694114 1251.070341 
544 1253.742411 1255.405009 1252.871741 
545 1253.142574 1253.890699 1250.815321 
546 1253.851236 1256.224333 1253.805598 
547 1253.399277 1256.778171 1254.377706 
548 1253.952883 1253.730493 1251.730723 
549 1253.754906 1255.129777 1252.171882 
550 1254.131528 1258.094016 1256.239121 
551 1253.432190 1254.437390 1251.556040 
552 1254.038163 1259.616722 1257.252192 
553 1253.808269 1255.006538 1252.653362 
554 1253.452234 1252.860531 1251.221581 
555 1253.271916 1254.937097 1252.507354 
556 1254.188816 1253.918201 1251.268788 
557 1253.538854 1254.411454 1251.822729 
558 1252.873043 1254.076318 1251.820901 
559 1253.352467 1256.381776 1253.371991 
560 1254.076253 1255.739611 1253.392009 
561 1253.227502 1256.912841 1253.697618 
562 1254.509204 1258.210442 1255.333507 
563 1254.353724 1255.882393 1252.992543 
564 1252.879692 1253.642528 1250.589786 
565 1252.901207 1256.878512 1254.042778 
566 1252.674874 1255.740990 1253.611697 
567 1252.964813 1253.335231 1251.424771 
568 1252.515793 1256.026377 1254.117468 
569 1252.916030 1253.468567 1251.299174 
570 1252.269519 1254.961534 1251.933041 
571 1252.885283 1253.666389 1251.220389 
572 1252.721711 1253.545582 1250.742200 
573 1252.587534 1254.261219 1252.106383 
574 1252.869133 1252.754514 1250.323158 
575 1252.285090 1252.846267 1250.314979 
576 1252.164191 1253.441910 1250.769709 
577 1252.059175 1253.907822 1250.992343 
578 1252.739780 1255.928309 1253.589889 
579 1253.763495 1255.488098 1253.654301 
580 1252.298317 1252.691833 1250.207960 
581 1251.993872 1254.026630 1252.333143 
582 1252.239319 1252.103752 1249.705911 
583 1251.945340 1251.092633 1249.350918 
584 1251.972483 1252.022070 1249.490648 
585 1252.029600 1253.640387 1251.125737 
586 1252.541165 1253.651879 1251.699402 
587 1252.565863 1254.276763 1252.858334 
588 1253.055687 1254.154424 1252.094957 
589 1252.550463 1253.588071 1251.496112 
590 1251.260309 1250.463563 1248.111549 
591 1250.051451 1253.968140 1250.469419 
592 1253.453673 1253.027540 1250.432616 
593 1253.164344 1254.596910 1252.383414 
594 1254.206812 1257.700469 1255.000364 
595 1252.844156 1252.896852 1249.885256 
596 1252.181031 1255.609324 1253.133141 
597 1252.997641 1254.417415 1251.203542 
598 1253.109211 1256.771595 1254.025964 
599 1251.246253 1252.219366 1250.092250 
600 1251.840839 1252.349288 1249.891677 
601 1251.375533 1254.420245 1251.860526 
602 1252.271832 1253.259064 1250.782788 
603 1252.069550 1257.393983 1254.503655 
604 1251.874242 1253.467472 1251.098961 
605 1251.575661 1254.707137 1252.670048 
606 1252.214409 1251.728907 1249.667859 
607 1248.451599 1249.426177 1247.361084 
608 1246.635871 1247.756031 1244.913116 
609 1248.348025 1247.827439 1245.276558 
610 1251.500877 1251.844014 1248.872927 
611 1248.884761 1247.911643 1246.134491 
612 1252.079654 1252.330460 1249.743032 
613 1250.288334 1249.262280 1246.336460 
614 4323.015282 2260.584561 2253.768704 
615 5725.274924 53552.867227 53530.479961 
616 13376.034156 5474.465830 5440.575688 
617 5289.531978 5120.482295 5098.720874 
618 4431.952366 4320.277339 4281.387048 
619 3676.298276 3161.861838 3158.552339 
620 2882.664211 2804.435986 2798.608848 
621 3375.575281 3567.706353 3568.087883 
622 3648.896797 3665.569399 3664.953604 
623 3629.626282 3622.309036 3617.609255 
0 5558.635835 2908.427688 2898.784900 
0 1452.164617 1454.152944 1447.699167 
1 1414.044662 1417.392239 1412.603088 
2 1404.545762 1408.542366 1404.176841 
3 1397.646425 1401.377660 1398.519624 
4 1392.315840 1397.288944 1392.808153 
5 1387.849016 1392.129199 1388.801721 
6 1383.811609 1388.811512 1384.979668 
7 1380.493761 1385.109817 1381.038152 
8 1376.715414 1381.448278 1378.066852 
9 1372.932567 1378.383850 1374.180376 
10 1369.338613 1374.460369 1370.568806 
11 1364.973812 1369.942646 1365.653345 
12 1362.265012 1367.313198 1363.752323 
13 1358.430452 1362.973666 1359.683203 
14 1354.031253 1358.519789 1354.565464 
15 1350.644128 1355.436422 1350.964254 
16 1347.058925 1351.461699 1347.790497 
17 1344.374515 1348.327240 1345.112740 
18 1340.539939 1344.406670 1340.923599 
19 1337.958513 1341.451445 1338.085281 
20 1335.653719 1339.325383 1336.181943 
21 1333.079558 1336.722018 1333.460896 
22 1330.002735 1334.390735 1330.203300 
23 1328.570108 1331.836024 1328.505295 
24 1326.054404 1329.253552 1326.657903 
25 1324.078385 1327.348590 1324.055131 
26 1321.661668 1324.445055 1322.015688 
27 1319.563306 1322.449749 1319.355325 
28 1317.687677 1320.651549 1317.391649 
29 1314.834471 1318.363314 1314.729778 
30 1313.345749 1316.583767 1313.902843 
31 1311.605421 1315.032079 1310.999098 
32 1309.629878 1312.225535 1309.562703 
33 1308.890722 1311.686018 1308.385933 
34 1306.596438 1309.166398 1306.966047 
35 1305.646408 1307.938130 1305.162079 
36 1304.531098 1306.637482 1304.065480 
37 1302.993723 1305.577444 1302.531210 
38 1301.779766 1305.070084 1301.990177 
39 1300.289201 1303.480916 1300.077421 
40 1299.275385 1302.268771 1299.379507 
41 1298.142601 1300.676641 1297.805801 
42 1297.142327 1300.069198 1296.756923 
43 1296.311702 1299.289155 1296.507505 
44 1294.891218 1297.396813 1294.523152 
45 1294.237842 1297.590117 1294.008762 
46 1293.641604 1296.109076 1293.748103 
47 1292.250806 1295.547642 1292.083585 
48 1291.124281 1293.787233 1291.171538 
49 1290.748376 1293.257593 1289.924120 
50 1289.961171 1292.513838 1289.971215 
51 1289.336639 1292.165830 1289.395035 
52 1289.428041 1292.184153 1288.491625 
53 1289.163004 1291.546968 1288.432228 
54 1287.797521 1290.556908 1287.270049 
55 1287.204451 1289.704778 1287.160560 
56 1286.784966 1289.832247 1286.179089 
57 1285.810093 1288.259017 1285.376243 
58 1285.486373 1288.865729 1285.511436 
59 1285.351668 1288.032944 1284.791650 
60 1284.568645 1286.993086 1284.194371 
61 1283.831838 1286.481483 1283.608287 
62 1283.297134 1286.024843 1283.202373 
63 1283.680139 1286.363970 1283.881926 
64 1282.475286 1285.482001 1282.137389 
65 1282.478073 1285.831747 1282.257360 
66 1282.079193 1284.367505 1281.883844 
67 1281.667064 1284.180477 1281.548450 
68 1281.051536 1283.809359 1281.747091 
69 1281.009259 1284.178287 1281.141940 
70 1280.511305 1283.016010 1280.447800 
71 1280.138972 1282.269286 1280.076477 
72 1280.171466 1283.255547 1279.573712 
73 1279.785600 1282.783627 1280.113738 
74 1279.250710 1282.238676 1279.664695 
75 1279.253600 1282.661101 1278.615865 
76 1278.642110 1280.534050 1278.752747 
77 1278.538533 1281.248647 1277.429376 
78 1277.995292 1280.653138 1277.548417 
79 1277.953792 1280.324928 1277.577271 
80 1277.805030 1280.133033 1277.871818 
81 1276.685539 1279.748514 1276.419465 
82 1276.694401 1279.815034 1276.239697 
83 1276.768128 1279.650310 1276.819225 
84 1276.525835 1279.477478 1277.354346 
85 1276.147953 1279.113728 1275.943807 
86 1275.741817 1278.511393 1275.425123 
87 1275.652007 1277.634326 1275.580433 
88 1275.477155 1277.956656 1274.564774 
89 1275.199905 1278.288889 1274.912759 
90 1274.599523 1277.472689 1274.723613 
91 1274.394246 1277.154065 1273.675880 
92 1274.175408 1276.853280 1273.460829 
93 1274.180932 1277.228348 1274.116771 
94 1274.100098 1276.213259 1274.603903 
95 1273.898861 1277.051647 1273.890441 
96 1274.233766 1276.566613 1274.471815 
97 1273.476277 1276.232294 1273.769004 
98 1273.433175 1275.931292 1273.489404 
99 1273.556711 1276.118608 1273.393672 
100 1273.117958 1275.994260 1273.195532 
101 1273.252825 1275.937207 1273.490690 
102 1272.513043 1274.951283 1271.982130 
103 1272.804743 1275.892389 1272.730834 
104 1272.543855 1275.353044 1272.742773 
105 1272.921177 1275.817415 1272.548993 
106 1272.147075 1275.917850 1272.208795 
107 1271.731861 1274.549767 1271.828181 
108 1271.986912 1274.816090 1271.954658 
109 1272.330185 1274.799603 1272.155078 
110 1271.639217 1274.152058 1271.185864 
111 1272.319776 1274.893013 1271.866316 
112 1271.718974 1274.388458 1271.239728 
113 1271.534079 1274.156827 1271.460043 
114 1271.255945 1273.820626 1271.183385 
115 1270.635340 1273.720635 1270.327816 
116 1271.277353 1274.214143 1271.107687 
117 1270.919026 1272.928344 1270.390627 
118 1271.304973 1274.430754 1271.668092 
119 1270.541694 1273.305150 1270.529039 
120 1270.270066 1272.877955 1270.365258 
121 1271.963199 1274.454456 1272.046761 
122 1269.980296 1272.654479 1270.167119 
123 1269.669578 1273.187867 1269.940394 
124 1269.866792 1272.111403 1270.524554 
125 1269.429191 1272.038999 1269.466461 
126 1269.554729 1272.395978 1269.460497 
127 1269.306676 1272.431483 1268.922330 
128 1269.317127 1271.441956 1269.558530 
129 1269.103206 1271.649893 1268.726930 
130 1269.169116 1271.641152 1268.564019 
131 1269.376690 1272.105634 1268.645389 
132 1268.952492 1271.842457 1268.619268 
133 1268.762778 1271.650070 1268.580677 
134 1268.285191 1271.012402 1268.339761 
135 1268.873449 1271.120828 1268.134902 
136 1268.560399 1271.536523 1268.563026 
137 1268.171466 1270.539839 1267.927959 
138 1268.315205 1270.648707 1268.185898 
139 1268.512575 1271.147709 1268.059213 
140 1268.233094 1271.214871 1267.996724 
141 1268.203962 1270.292258 1267.791229 
142 1268.449252 1271.458571 1268.271941 
143 1267.630325 1270.371310 1267.195444 
144 1268.620422 1271.031597 1268.361152 
145 1267.812124 1270.418944 1267.934999 
146 1267.616854 1270.260428 1267.493345 
147 1267.265175 1269.759419 1267.173199 
148 1267.829967 1270.878262 1267.876646 
149 1267.513032 1269.666112 1267.316656 
150 1267.911474 1270.476174 1267.459684 
151 1267.091698 1270.784042 1267.483108 
152 1267.069363 1269.252134 1267.439117 
153 1267.286181 1269.454424 1267.284427 
154 1266.840596 1269.565900 1266.493147 
155 1266.967737 1270.130482 1267.122207 
156 1266.880257 1268.997360 1266.361915 
157 1266.602870 1268.868491 1266.651521 
158 1266.717095 1269.697383 1266.290951 
159 1266.690292 1269.738674 1266.709122 
160 1266.904049 1269.530201 1266.625704 
161 1266.349658 1269.266949 1265.930917 
162 1266.889885 1269.898422 1266.151713 
163 1266.731248 1269.804600 1266.406354 
164 1266.530913 1269.130989 1265.920720 
165 1266.240913 1268.523851 1266.112501 
166 1266.627048 1269.163135 1266.493436 
167 1265.554175 1268.019714 1265.413804 
168 1265.744856 1268.573131 1265.341182 
169 1266.002559 1268.689551 1265.231174 
170 1265.561977 1267.604584 1265.168209 
171 1266.030992 1268.854247 1266.205541 
172 1265.764816 1268.407554 1264.987251 
173 1265.583320 1268.488363 1265.647646 
174 1265.580045 1268.509380 1265.434991 
175 1265.519822 1268.241252 1265.562565 
176 1265.278135 1268.234556 1265.251018 
177 1265.459592 1267.981479 1265.618015 
178 1265.653929 1268.095240 1265.267305 
179 1265.775695 1269.397634 1265.642341 
180 1265.779771 1267.825491 1265.790514 
181 1265.901168 1268.379475 1264.826746 
182 1265.529264 1268.239006 1264.466482 
183 1265.411735 1268.616614 1265.332368 
184 1264.782588 1267.871265 1264.647607 
185 1264.645474 1267.997286 1263.947371 
186 1264.970870 1267.881852 1265.222443 
187 1265.396261 1267.303524 1265.588898 
188 1264.403199 1267.218053 1265.011288 
189 1265.642564 1267.935702 1265.562433 
190 1265.162604 1267.252776 1264.741412 
191 1265.318582 1267.744924 1265.077783 
192 1264.466825 1266.665074 1264.564966 
193 1264.433049 1267.342389 1264.533464 
194 1264.528682 1266.957520 1264.777914 
195 1264.418052 1266.754459 1264.613859 
196 1264.277411 1267.105945 1263.954257 
197 1264.202134 1267.714753 1264.475393 
198 1264.531054 1267.196685 1264.470768 
199 1264.154812 1267.385626 1263.756702 
200 1264.076087 1267.377039 1264.585343 
201 1264.250725 1266.887362 1263.765571 
202 1264.023031 1265.991545 1263.543204 
203 1264.062768 1266.846021 1263.779646 
204 1263.584658 1266.679546 1263.684320 
205 1264.112890 1266.868531 1264.051635 
206 1263.825805 1266.241279 1263.349907 
207 1264.159693 1267.223123 1263.806812 
208 1263.905059 1266.678724 1263.563870 
209 1263.500472 1266.288341 1262.994849 
210 1263.620844 1266.404028 1264.019283 
211 1263.667112 1265.682068 1263.823987 
212 1263.923130 1266.539617 1264.571318 
213 1263.367768 1265.935699 1262.817457 
214 1263.906999 1265.877941 1262.805662 
215 1263.406671 1265.660343 1263.178021 
216 1263.516907 1265.841547 1262.968889 
217 1263.543879 1266.245951 1263.298065 
218 1263.437197 1266.069869 1262.919139 
219 1263.180865 1265.983420 1263.043691 
220 1263.040352 1265.695718 1262.035764 
221 1263.282490 1266.083929 1262.846224 
222 1263.061242 1266.647664 1262.814255 
223 1263.388316 1266.298943 1263.002468 
224 1265.883226 1268.700444 1265.797421 
225 1263.954683 1266.451715 1263.905449 
226 1263.612381 1266.640845 1263.079939 
227 1262.852234 1265.611117 1262.068511 
228 1262.787752 1265.490879 1262.679956 
229 1262.760398 1265.725792 1262.519402 
230 1262.338944 1265.010204 1261.837374 
231 1262.027642 1264.737601 1261.970288 
232 1262.116909 1265.236812 1261.843297 
233 1262.394142 1265.325129 1262.523251 
234 1261.719488 1264.767146 1262.535125 
235 1261.478948 1264.543070 1261.574879 
236 1261.995211 1264.799574 1261.747975 
237 1261.421003 1263.951460 1262.074701 
238 1261.746632 1264.471865 1261.932710 
239 1261.350033 1264.646696 1260.785208 
240 1261.160303 1263.960345 1261.020104 
241 1261.233442 1264.217483 1261.256573 
242 1261.379554 1263.849691 1260.777811 
243 1261.627575 1264.376946 1261.839727 
244 1261.029349 1264.136569 1261.097800 
245 1260.830423 1263.390889 1260.425894 
246 1260.960321 1263.650166 1260.853337 
247 1261.031546 1263.650574 1260.937557 
248 1260.755468 1263.147368 1260.948256 
249 1261.261145 1263.836923 1260.288549 
250 1261.212182 1263.601033 1261.241581 
251 1260.520557 1263.702932 1260.366024 
252 1261.006210 1263.746769 1261.178928 
253 1260.814774 1263.788945 1260.707648 
254 1260.662851 1262.961688 1260.378717 
255 1260.705126 1263.774586 1261.053308 
256 1260.487828 1262.946537 1260.806968 
257 1260.512098 1263.274714 1260.553981 
258 1260.445550 1263.159144 1260.022308 
259 1260.522855 1262.499363 1260.646965 
260 1260.193871 1263.617566 1259.826538 
261 1260.216959 1262.926708 1260.378447 
262 1260.163125 1263.515679 1260.589965 
263 1260.477753 1262.817659 1260.186470 
264 1260.826722 1262.524459 1260.795909 
265 1260.308194 1263.707305 1260.415811 
266 1260.190506 1263.003917 1259.906506 
267 1260.320870 1263.496855 1259.824977 
268 1260.117678 1263.402819 1260.107985 
269 1259.940569 1263.054697 1260.007393 
270 1259.625639 1262.639109 1259.989059 
271 1259.699758 1262.543479 1259.511904 
272 1259.522700 1262.424988 1259.478157 
273 1259.493453 1261.995648 1259.298909 
274 1259.641230 1263.012118 1259.234398 
275 1259.546251 1261.861803 1259.392509 
276 1259.672828 1262.036531 1259.170117 
277 1259.257202 1261.763318 1258.736660 
278 1258.940775 1262.094199 1258.661228 
279 1259.168877 1261.631805 1258.964294 
280 1261.464120 1264.423934 1262.289215 
281 1260.369346 1263.061338 1259.253801 
282 1259.704117 1262.403372 1259.183562 
283 1259.558697 1261.426998 1259.626376 
284 1259.429164 1262.277493 1259.056852 
285 1259.023321 1261.958795 1258.487350 
286 1258.965337 1260.867939 1258.950906 
287 1258.940372 1261.600156 1259.483286 
288 1258.941867 1261.360879 1259.283953 
289 1258.858240 1261.158561 1258.586642 
290 1258.849917 1261.328138 1257.864989 
291 1258.776319 1261.282187 1257.441235 
292 1258.701440 1261.566910 1258.225114 
293 1259.058386 1261.976851 1258.601763 
294 1259.053999 1261.447128 1258.354198 
295 1258.909524 1261.227708 1258.998292 
296 1258.433849 1261.087458 1258.520183 
297 1260.761683 1263.336445 1261.020331 
298 1258.359412 1261.171473 1257.905017 
299 1259.078039 1261.687947 1258.205719 
300 1258.881917 1260.976128 1258.531698 
301 1259.252765 1261.701145 1259.025664 
302 1258.504035 1261.541025 1257.819598 
303 1258.901775 1261.805151 1258.643871 
304 1259.985363 1262.573473 1259.735549 
305 1259.077649 1261.568818 1258.838872 
306 1258.713736 1261.363510 1259.239432 
307 1259.020885 1262.175463 1258.429657 
308 1258.198647 1260.331001 1257.476307 
309 1257.921134 1260.725326 1257.452085 
310 1258.449926 1261.527041 1258.671486 
311 1258.415200 1261.417645 1257.669983 
312 1257.914168 1260.826488 1257.679568 
313 1259.535416 1262.854352 1259.686556 
314 1258.250411 1260.736659 1258.108544 
315 1259.334362 1262.462089 1259.368480 
316 1258.234694 1260.923994 1257.483877 
317 1258.505299 1260.581494 1258.292744 
318 1258.270656 1260.763076 1258.228038 
319 1258.785571 1261.237224 1258.990607 
320 1258.174594 1260.735015 1258.147181 
321 1258.728464 1261.714877 1258.239558 
322 1258.549198 1261.400358 1258.125602 
323 1259.150110 1261.531814 1258.392632 
324 1258.842600 1260.984246 1258.392209 
325 1257.856804 1259.964375 1257.005724 
326 1258.626419 1261.272024 1257.962419 
327 1257.738860 1260.511987 1257.736084 
328 1258.766047 1261.578597 1258.368796 
329 1257.949956 1260.216989 1257.569362 
330 1257.851777 1260.438875 1257.037997 
331 1257.777629 1260.842438 1257.835590 
332 1257.641920 1260.042366 1258.030343 
333 1257.809141 1260.782400 1257.768828 
334 1258.471814 1260.306241 1258.265553 
335 1257.407080 1259.903022 1257.112533 
336 1257.586566 1260.622806 1257.766437 
337 1257.986183 1261.215498 1258.178000 
338 1257.473671 1259.768298 1257.329069 
339 1258.587061 1260.989415 1258.058452 
340 1258.650914 1261.564950 1258.544952 
341 1258.110148 1260.685397 1257.539664 
342 1257.849256 1260.140377 1258.173987 
343 1257.710656 1260.109001 1258.164575 
344 1257.725196 1260.198348 1256.997001 
345 1257.384839 1260.365774 1257.075968 
346 1257.788539 1260.693025 1257.544574 
347 1257.936242 1260.781185 1257.960250 
348 1258.809640 1261.631016 1258.733026 
349 1258.977058 1261.491898 1259.209512 
350 1257.889955 1260.623739 1257.838351 
351 1257.536824 1260.175084 1257.674684 
352 1257.639691 1260.608661 1257.450658 
353 1258.969703 1261.322258 1258.229274 
354 1256.863313 1259.075557 1256.646936 
355 1257.672772 1260.107401 1257.175071 
356 1258.290036 1260.001647 1257.767512 
357 1257.363757 1260.310741 1257.035659 
358 1257.974882 1260.922407 1257.829739 
359 1257.344808 1260.116582 1256.947839 
360 1257.337028 1259.515410 1256.343251 
361 1258.375313 1260.933955 1257.601907 
362 1257.780228 1260.181130 1257.496328 
363 1257.790854 1261.038837 1257.969697 
364 1258.052421 1260.596389 1258.416846 
365 1257.395865 1259.902411 1257.351152 
366 1257.355385 1260.284457 1257.471794 
367 1257.427135 1260.308090 1257.729980 
368 1257.165549 1259.713361 1256.650516 
369 1256.950770 1260.159122 1257.017365 
370 1257.576090 1259.849496 1257.001998 
371 1257.068259 1259.560236 1256.858472 
372 1256.897639 1259.869290 1256.956312 
373 1257.690037 1260.104672 1257.681721 
374 1256.996322 1259.257793 1256.833619 
375 1257.389221 1260.520305 1257.595619 
376 1257.564693 1260.206050 1257.546843 
377 1256.958196 1259.570088 1256.449148 
378 1256.989947 1260.023651 1256.737302 
379 1258.039651 1260.655154 1257.272957 
380 1257.739534 1260.397744 1257.394915 
381 1257.383145 1259.599822 1257.446880 
382 1257.799058 1259.784338 1257.951864 
383 1256.550349 1259.832582 1256.413689 
384 1257.012640 1259.436288 1256.896250 
385 1257.200494 1259.833081 1257.163990 
386 1256.836125 1259.058896 1256.040184 
387 1257.163013 1259.416665 1257.146666 
388 1258.577394 1261.488337 1258.335508 
389 1257.593024 1259.988918 1257.295085 
390 1257.008154 1258.664288 1256.574705 
391 1257.092777 1259.815441 1257.086379 
392 1257.426484 1259.662024 1257.128387 
393 1257.118542 1259.690820 1257.102491 
394 1257.038885 1260.000104 1256.389574 
395 1257.236877 1259.752803 1257.068895 
396 1258.548708 1261.272898 1258.811084 
397 1257.105173 1260.109014 1256.631952 
398 1256.962560 1259.629681 1256.424519 
399 1257.152247 1259.615669 1256.758412 
400 1257.344112 1259.740334 1256.952500 
401 1257.286153 1259.879794 1257.516603 
402 1257.863412 1260.792700 1256.865765 
403 1257.256618 1259.993776 1257.425764 
404 1256.458807 1260.018682 1255.744070 
405 1257.114857 1259.228077 1256.462863 
406 1257.607020 1260.036022 1257.759318 
407 1256.474432 1259.055841 1256.686923 
408 1257.405501 1260.286740 1257.307739 
409 1256.443870 1259.477485 1256.682234 
410 1256.906067 1259.121219 1256.660461 
411 1257.517913 1259.940659 1257.499723 
412 1257.624683 1260.164901 1257.485873 
413 1256.270011 1258.492491 1256.444204 
414 1257.576745 1259.721810 1257.217834 
415 1257.378643 1259.879491 1256.933696 
416 1256.740372 1259.062228 1256.312848 
417 1257.070299 1259.081771 1256.664718 
418 1257.308941 1259.909025 1257.040079 
419 1256.932080 1259.782993 1257.022391 
420 1256.953262 1259.691494 1256.812141 
421 1256.541475 1259.687178 1256.758374 
422 1256.496330 1259.092318 1256.535740 
423 1256.613352 1258.863242 1256.079965 
424 1256.212078 1259.355443 1256.191904 
425 1256.267969 1259.133165 1256.368831 
426 1256.425984 1258.530248 1256.623943 
427 1258.404008 1260.900867 1258.045331 
428 1256.580766 1258.659479 1255.864640 
429 1256.870503 1260.175977 1256.716486 
430 1257.208136 1259.934584 1256.925594 
431 1256.198264 1258.769298 1256.179703 
432 1256.240341 1259.190261 1255.752700 
433 1256.649240 1259.164460 1256.911250 
434 1256.393904 1259.678379 1256.304823 
435 1257.116643 1259.541622 1256.897954 
436 1256.949952 1259.512177 1257.098549 
437 1256.731804 1259.367131 1256.486140 
438 1256.977495 1259.946511 1257.435015 
439 1256.048369 1258.858087 1256.632998 
440 1256.108427 1258.826453 1256.680809 
441 1256.562948 1258.669794 1256.776122 
442 1256.717988 1258.837518 1256.418767 
443 1257.717538 1259.674606 1257.592086 
444 1257.303672 1259.732670 1257.080491 
445 1256.685604 1259.260881 1256.059141 
446 1256.640302 1260.201948 1256.602845 
447 1256.813895 1259.257035 1256.581497 
448 1255.933330 1258.609845 1255.562361 
449 1255.882959 1258.575718 1255.728907 
450 1256.148310 1258.755769 1256.030016 
451 1256.128698 1258.349344 1255.998613 
452 1255.763169 1258.279800 1255.310239 
453 1256.387865 1259.023624 1256.345919 
454 1256.342289 1259.296776 1255.317723 
455 1256.883068 1259.607029 1257.337135 
456 1255.883537 1258.668467 1256.072921 
457 1255.920158 1258.664825 1255.738699 
458 1257.678092 1260.013960 1257.389763 
459 1255.715017 1257.968287 1255.579014 
460 1256.490768 1258.787084 1255.690785 
461 1256.602712 1259.403901 1255.895052 
462 1256.202899 1258.976133 1256.260032 
463 1256.739278 1259.345067 1256.694338 
464 1256.021424 1258.902418 1255.756656 
465 1256.155929 1258.848613 1255.909236 
466 1255.552618 1257.864244 1255.804510 
467 1255.334425 1258.210671 1254.534781 
468 1255.322860 1258.581063 1254.640928 
469 1255.980125 1258.249097 1255.764653 
470 1255.474473 1258.132178 1255.118408 
471 1255.987620 1258.482043 1255.394395 
472 1255.939366 1258.579585 1255.654139 
473 1255.775292 1258.705670 1255.265154 
474 1255.743975 1257.753319 1254.879630 
475 1257.049858 1259.999402 1256.465425 
476 1256.011789 1257.715084 1254.955754 
477 1255.805105 1258.874424 1255.439821 
478 1256.204449 1258.202876 1255.404749 
479 1255.583567 1258.411875 1255.587235 
480 1255.250823 1258.376556 1255.494253 
481 1255.645082 1258.406732 1255.032743 
482 1257.114048 1259.397831 1256.973828 
483 1255.769821 1258.477788 1254.686235 
484 1256.071606 1259.389235 1255.474156 
485 1255.525113 1257.723312 1255.704650 
486 1255.990607 1258.633784 1256.720143 
487 1256.024049 1258.749000 1256.131865 
488 1255.534521 1258.366621 1255.094172 
489 1255.986785 1258.426658 1254.915787 
490 1256.653727 1259.052131 1256.216082 
491 1256.973224 1259.882920 1256.382675 
492 1255.450766 1257.903920 1255.809370 
493 1255.750565 1258.711993 1255.563711 
494 1256.070381 1258.710687 1255.774148 
495 1255.821077 1258.010643 1255.588580 
496 1255.774073 1258.305873 1255.200477 
497 1256.169727 1258.025431 1255.127347 
498 1255.739830 1258.407980 1255.626034 
499 1256.560441 1259.129939 1255.897623 
500 1256.139266 1259.218960 1256.207488 
501 1255.577000 1258.165540 1255.154917 
502 1255.389132 1258.521797 1255.513036 
503 1258.473011 1261.437804 1258.476918 
504 1255.991092 1258.694263 1255.566876 
505 1256.641322 1259.438879 1256.376633 
506 1256.979415 1259.592234 1256.796464 
507 1256.231109 1258.798552 1255.883014 
508 1255.669254 1258.219058 1255.314805 
509 1255.649844 1258.233641 1255.170914 
510 1254.930515 1258.312158 1254.774443 
511 1255.999845 1258.663635 1255.601976 
512 1256.248004 1258.367357 1256.150397 
513 1255.921870 1258.676627 1255.210852 
514 1256.210970 1258.655208 1256.134126 
515 1255.605046 1258.677590 1255.346594 
516 1256.049431 1257.929542 1255.099794 
517 1255.187016 1257.777975 1254.996163 
518 1255.582717 1258.165565 1254.452253 
519 1255.188668 1257.661962 1255.360314 
520 1255.155275 1258.064519 1255.001904 
521 1256.927816 1259.646683 1256.727864 
522 1255.449619 1258.333657 1254.744033 
523 1257.523125 1260.571254 1257.323306 
524 1255.305284 1258.111949 1254.720623 
525 1255.332070 1257.637577 1255.181003 
526 1256.600896 1258.740658 1256.640085 
527 1255.142694 1257.574680 1254.773002 
528 1255.433137 1258.173495 1254.997885 
529 1255.235930 1257.703370 1254.763494 
530 1255.582725 1258.296238 1255.569346 
531 1255.471652 1258.201918 1254.723235 
532 1255.491257 1258.187888 1255.515212 
533 1256.214101 1258.292196 1255.352565 
534 1255.080500 1257.492582 1254.556199 
535 1256.282173 1258.947004 1255.641823 
536 1255.233630 1258.301165 1256.048290 
537 1255.318135 1257.843450 1254.211232 
538 1257.582347 1259.995519 1257.249100 
539 1256.113471 1258.969153 1255.838441 
540 1256.195120 1258.640930 1256.733662 
541 1255.545662 1258.545165 1255.550828 
542 1254.992796 1258.167821 1254.496470 
543 1256.311741 1259.287140 1256.274832 
544 1255.216290 1258.543717 1255.013834 
545 1254.596325 1256.961804 1253.653572 
546 1256.388760 1259.631553 1255.830321 
547 1255.453839 1258.452594 1255.022906 
